[0.020s] Invoking command in '/home/developer/ros2_ws/src/build/centroids_msg': CMAKE_PREFIX_PATH=${CMAKE_PREFIX_PATH}:/home/developer/ros2_ws/src/install/simple_example:/home/developer/ros2_ws/install/simple_example:/opt/ros/humble /usr/bin/cmake /home/developer/ros2_ws/src/centroids_msg -DCMAKE_INSTALL_PREFIX=/home/developer/ros2_ws/src/install/centroids_msg
[0.091s] -- The C compiler identification is GNU 11.4.0
[0.159s] -- The CXX compiler identification is GNU 11.4.0
[0.170s] -- Detecting C compiler ABI info
[0.260s] -- Detecting C compiler ABI info - done
[0.269s] -- Check for working C compiler: /usr/bin/cc - skipped
[0.269s] -- Detecting C compile features
[0.270s] -- Detecting C compile features - done
[0.273s] -- Detecting CXX compiler ABI info
[0.390s] -- Detecting CXX compiler ABI info - done
[0.404s] -- Check for working CXX compiler: /usr/bin/c++ - skipped
[0.404s] -- Detecting CXX compile features
[0.405s] -- Detecting CXX compile features - done
[0.409s] -- Found ament_cmake: 1.3.10 (/opt/ros/humble/share/ament_cmake/cmake)
[0.694s] -- Found Python3: /usr/bin/python3 (found version "3.10.12") found components: Interpreter 
[0.830s] -- Found rosidl_default_generators: 1.2.0 (/opt/ros/humble/share/rosidl_default_generators/cmake)
[0.836s] -- Using all available rosidl_typesupport_c: rosidl_typesupport_fastrtps_c;rosidl_typesupport_introspection_c
[0.849s] -- Found rosidl_adapter: 3.1.5 (/opt/ros/humble/share/rosidl_adapter/cmake)
[0.914s] -- Using all available rosidl_typesupport_cpp: rosidl_typesupport_fastrtps_cpp;rosidl_typesupport_introspection_cpp
[1.397s] -- Found ament_cmake_ros: 0.10.0 (/opt/ros/humble/share/ament_cmake_ros/cmake)
[1.693s] -- Using all available rosidl_typesupport_c: rosidl_typesupport_fastrtps_c;rosidl_typesupport_introspection_c
[2.055s] -- Using all available rosidl_typesupport_cpp: rosidl_typesupport_fastrtps_cpp;rosidl_typesupport_introspection_cpp
[2.098s] -- Found PythonInterp: /usr/bin/python3 (found suitable version "3.10.12", minimum required is "3.6") 
[2.101s] -- Found python_cmake_module: 0.10.0 (/opt/ros/humble/share/python_cmake_module/cmake)
[2.142s] -- Found PythonLibs: /usr/lib/x86_64-linux-gnu/libpython3.10.so (found suitable version "3.10.12", minimum required is "3.5") 
[2.142s] -- Using PYTHON_EXECUTABLE: /usr/bin/python3
[2.142s] -- Using PYTHON_INCLUDE_DIRS: /usr/include/python3.10
[2.142s] -- Using PYTHON_LIBRARIES: /usr/lib/x86_64-linux-gnu/libpython3.10.so
[2.170s] -- Found PythonExtra: .so  
[2.211s] -- Found ament_lint_auto: 0.12.11 (/opt/ros/humble/share/ament_lint_auto/cmake)
[2.242s] -- Added test 'lint_cmake' to check CMake code style
[2.244s] -- Added test 'xmllint' to check XML markup files
[2.249s] -- Configuring done
[2.287s] -- Generating done
[2.289s] -- Build files have been written to: /home/developer/ros2_ws/src/build/centroids_msg
[2.295s] Invoked command in '/home/developer/ros2_ws/src/build/centroids_msg' returned '0': CMAKE_PREFIX_PATH=${CMAKE_PREFIX_PATH}:/home/developer/ros2_ws/src/install/simple_example:/home/developer/ros2_ws/install/simple_example:/opt/ros/humble /usr/bin/cmake /home/developer/ros2_ws/src/centroids_msg -DCMAKE_INSTALL_PREFIX=/home/developer/ros2_ws/src/install/centroids_msg
[2.296s] Invoking command in '/home/developer/ros2_ws/src/build/centroids_msg': CMAKE_PREFIX_PATH=${CMAKE_PREFIX_PATH}:/home/developer/ros2_ws/src/install/simple_example:/home/developer/ros2_ws/install/simple_example:/opt/ros/humble /usr/bin/cmake --build /home/developer/ros2_ws/src/build/centroids_msg -- -j8 -l8
[2.350s] [  3%] [34m[1mGenerating C code for ROS interfaces[0m
[2.367s] [  6%] [34m[1mGenerating C++ code for ROS interfaces[0m
[2.382s] [  6%] Built target ament_cmake_python_copy_centroids_msg
[2.691s] [  6%] Built target centroids_msg__cpp
[2.703s] [ 12%] [34m[1mGenerating C++ type support dispatch for ROS interfaces[0m
[2.703s] [ 12%] [34m[1mGenerating C++ type support for eProsima Fast-RTPS[0m
[2.703s] [ 16%] [32mBuilding C object CMakeFiles/centroids_msg__rosidl_generator_c.dir/rosidl_generator_c/centroids_msg/msg/detail/centroids__functions.c.o[0m
[2.707s] [ 19%] [34m[1mGenerating C++ introspection for ROS interfaces[0m
[2.715s] running egg_info
[2.716s] creating centroids_msg.egg-info
[2.716s] writing centroids_msg.egg-info/PKG-INFO
[2.716s] writing dependency_links to centroids_msg.egg-info/dependency_links.txt
[2.717s] writing top-level names to centroids_msg.egg-info/top_level.txt
[2.717s] writing manifest file 'centroids_msg.egg-info/SOURCES.txt'
[2.720s] reading manifest file 'centroids_msg.egg-info/SOURCES.txt'
[2.720s] writing manifest file 'centroids_msg.egg-info/SOURCES.txt'
[2.759s] [ 19%] Built target ament_cmake_python_build_centroids_msg_egg
[2.767s] [ 22%] [32m[1mLinking C shared library libcentroids_msg__rosidl_generator_c.so[0m
[2.809s] [ 22%] Built target centroids_msg__rosidl_generator_c
[2.824s] [ 25%] [34m[1mGenerating C type support for eProsima Fast-RTPS[0m
[2.825s] [ 29%] [34m[1mGenerating C introspection for ROS interfaces[0m
[2.825s] [ 32%] [34m[1mGenerating C type support dispatch for ROS interfaces[0m
[3.101s] [ 35%] [32mBuilding CXX object CMakeFiles/centroids_msg__rosidl_typesupport_cpp.dir/rosidl_typesupport_cpp/centroids_msg/msg/centroids__type_support.cpp.o[0m
[3.146s] [ 38%] [32mBuilding CXX object CMakeFiles/centroids_msg__rosidl_typesupport_c.dir/rosidl_typesupport_c/centroids_msg/msg/centroids__type_support.cpp.o[0m
[3.166s] [ 41%] [32mBuilding C object CMakeFiles/centroids_msg__rosidl_typesupport_introspection_c.dir/rosidl_typesupport_introspection_c/centroids_msg/msg/detail/centroids__type_support.c.o[0m
[3.193s] [ 45%] [32mBuilding CXX object CMakeFiles/centroids_msg__rosidl_typesupport_introspection_cpp.dir/rosidl_typesupport_introspection_cpp/centroids_msg/msg/detail/centroids__type_support.cpp.o[0m
[3.203s] [ 48%] [32mBuilding CXX object CMakeFiles/centroids_msg__rosidl_typesupport_fastrtps_cpp.dir/rosidl_typesupport_fastrtps_cpp/centroids_msg/msg/detail/dds_fastrtps/centroids__type_support.cpp.o[0m
[3.221s] [ 51%] [32m[1mLinking CXX shared library libcentroids_msg__rosidl_typesupport_c.so[0m
[3.223s] [ 54%] [32m[1mLinking C shared library libcentroids_msg__rosidl_typesupport_introspection_c.so[0m
[3.286s] [ 54%] Built target centroids_msg__rosidl_typesupport_introspection_c
[3.295s] [ 58%] [32mBuilding CXX object CMakeFiles/centroids_msg__rosidl_typesupport_fastrtps_c.dir/rosidl_typesupport_fastrtps_c/centroids_msg/msg/detail/centroids__type_support_c.cpp.o[0m
[3.298s] [ 58%] Built target centroids_msg__rosidl_typesupport_c
[3.486s] [ 61%] [32m[1mLinking CXX shared library libcentroids_msg__rosidl_typesupport_cpp.so[0m
[3.541s] [ 61%] Built target centroids_msg__rosidl_typesupport_cpp
[3.721s] [ 64%] [32m[1mLinking CXX shared library libcentroids_msg__rosidl_typesupport_fastrtps_c.so[0m
[3.765s] [ 67%] [32m[1mLinking CXX shared library libcentroids_msg__rosidl_typesupport_introspection_cpp.so[0m
[3.808s] [ 70%] [32m[1mLinking CXX shared library libcentroids_msg__rosidl_typesupport_fastrtps_cpp.so[0m
[3.824s] [ 70%] Built target centroids_msg__rosidl_typesupport_fastrtps_c
[3.880s] [ 70%] Built target centroids_msg__rosidl_typesupport_introspection_cpp
[3.921s] [ 70%] Built target centroids_msg__rosidl_typesupport_fastrtps_cpp
[3.947s] [ 70%] Built target centroids_msg
[3.973s] [ 74%] [34m[1mGenerating Python code for ROS interfaces[0m
[4.290s] [ 74%] Built target centroids_msg__py
[4.312s] [ 77%] [32mBuilding C object CMakeFiles/centroids_msg__rosidl_generator_py.dir/rosidl_generator_py/centroids_msg/msg/_centroids_s.c.o[0m
[4.456s] [ 80%] [32m[1mLinking C shared library rosidl_generator_py/centroids_msg/libcentroids_msg__rosidl_generator_py.so[0m
[4.501s] [ 80%] Built target centroids_msg__rosidl_generator_py
[4.526s] [ 87%] [32mBuilding C object CMakeFiles/centroids_msg__rosidl_typesupport_fastrtps_c__pyext.dir/rosidl_generator_py/centroids_msg/_centroids_msg_s.ep.rosidl_typesupport_fastrtps_c.c.o[0m
[4.526s] [ 87%] [32mBuilding C object CMakeFiles/centroids_msg__rosidl_typesupport_introspection_c__pyext.dir/rosidl_generator_py/centroids_msg/_centroids_msg_s.ep.rosidl_typesupport_introspection_c.c.o[0m
[4.526s] [ 90%] [32mBuilding C object CMakeFiles/centroids_msg__rosidl_typesupport_c__pyext.dir/rosidl_generator_py/centroids_msg/_centroids_msg_s.ep.rosidl_typesupport_c.c.o[0m
[4.658s] [ 93%] [32m[1mLinking C shared library rosidl_generator_py/centroids_msg/centroids_msg_s__rosidl_typesupport_introspection_c.cpython-310-x86_64-linux-gnu.so[0m
[4.658s] [100%] [32m[1mLinking C shared library rosidl_generator_py/centroids_msg/centroids_msg_s__rosidl_typesupport_fastrtps_c.cpython-310-x86_64-linux-gnu.so[0m
[4.658s] [100%] [32m[1mLinking C shared library rosidl_generator_py/centroids_msg/centroids_msg_s__rosidl_typesupport_c.cpython-310-x86_64-linux-gnu.so[0m
[4.697s] [100%] Built target centroids_msg__rosidl_typesupport_c__pyext
[4.698s] [100%] Built target centroids_msg__rosidl_typesupport_introspection_c__pyext
[4.698s] [100%] Built target centroids_msg__rosidl_typesupport_fastrtps_c__pyext
[4.710s] Invoked command in '/home/developer/ros2_ws/src/build/centroids_msg' returned '0': CMAKE_PREFIX_PATH=${CMAKE_PREFIX_PATH}:/home/developer/ros2_ws/src/install/simple_example:/home/developer/ros2_ws/install/simple_example:/opt/ros/humble /usr/bin/cmake --build /home/developer/ros2_ws/src/build/centroids_msg -- -j8 -l8
[4.795s] Invoking command in '/home/developer/ros2_ws/src/build/centroids_msg': CMAKE_PREFIX_PATH=${CMAKE_PREFIX_PATH}:/home/developer/ros2_ws/src/install/simple_example:/home/developer/ros2_ws/install/simple_example:/opt/ros/humble /usr/bin/cmake --install /home/developer/ros2_ws/src/build/centroids_msg
[4.803s] -- Install configuration: ""
[4.803s] -- Installing: /home/developer/ros2_ws/src/install/centroids_msg/share/ament_index/resource_index/rosidl_interfaces/centroids_msg
[4.804s] -- Installing: /home/developer/ros2_ws/src/install/centroids_msg/include/centroids_msg/centroids_msg
[4.804s] -- Installing: /home/developer/ros2_ws/src/install/centroids_msg/include/centroids_msg/centroids_msg/msg
[4.804s] -- Installing: /home/developer/ros2_ws/src/install/centroids_msg/include/centroids_msg/centroids_msg/msg/detail
[4.804s] -- Installing: /home/developer/ros2_ws/src/install/centroids_msg/include/centroids_msg/centroids_msg/msg/detail/centroids__type_support.h
[4.804s] -- Installing: /home/developer/ros2_ws/src/install/centroids_msg/include/centroids_msg/centroids_msg/msg/detail/centroids__functions.h
[4.804s] -- Installing: /home/developer/ros2_ws/src/install/centroids_msg/include/centroids_msg/centroids_msg/msg/detail/centroids__functions.c
[4.804s] -- Installing: /home/developer/ros2_ws/src/install/centroids_msg/include/centroids_msg/centroids_msg/msg/detail/centroids__struct.h
[4.804s] -- Installing: /home/developer/ros2_ws/src/install/centroids_msg/include/centroids_msg/centroids_msg/msg/centroids.h
[4.804s] -- Installing: /home/developer/ros2_ws/src/install/centroids_msg/include/centroids_msg/centroids_msg/msg/rosidl_generator_c__visibility_control.h
[4.805s] -- Installing: /home/developer/ros2_ws/src/install/centroids_msg/share/centroids_msg/environment/library_path.sh
[4.805s] -- Installing: /home/developer/ros2_ws/src/install/centroids_msg/share/centroids_msg/environment/library_path.dsv
[4.805s] -- Installing: /home/developer/ros2_ws/src/install/centroids_msg/lib/libcentroids_msg__rosidl_generator_c.so
[4.806s] -- Set runtime path of "/home/developer/ros2_ws/src/install/centroids_msg/lib/libcentroids_msg__rosidl_generator_c.so" to ""
[4.806s] -- Up-to-date: /home/developer/ros2_ws/src/install/centroids_msg/include/centroids_msg/centroids_msg
[4.806s] -- Up-to-date: /home/developer/ros2_ws/src/install/centroids_msg/include/centroids_msg/centroids_msg/msg
[4.806s] -- Up-to-date: /home/developer/ros2_ws/src/install/centroids_msg/include/centroids_msg/centroids_msg/msg/detail
[4.806s] -- Installing: /home/developer/ros2_ws/src/install/centroids_msg/include/centroids_msg/centroids_msg/msg/detail/centroids__rosidl_typesupport_fastrtps_c.h
[4.806s] -- Installing: /home/developer/ros2_ws/src/install/centroids_msg/include/centroids_msg/centroids_msg/msg/rosidl_typesupport_fastrtps_c__visibility_control.h
[4.807s] -- Installing: /home/developer/ros2_ws/src/install/centroids_msg/lib/libcentroids_msg__rosidl_typesupport_fastrtps_c.so
[4.807s] -- Set runtime path of "/home/developer/ros2_ws/src/install/centroids_msg/lib/libcentroids_msg__rosidl_typesupport_fastrtps_c.so" to ""
[4.807s] -- Up-to-date: /home/developer/ros2_ws/src/install/centroids_msg/include/centroids_msg/centroids_msg
[4.807s] -- Up-to-date: /home/developer/ros2_ws/src/install/centroids_msg/include/centroids_msg/centroids_msg/msg
[4.807s] -- Up-to-date: /home/developer/ros2_ws/src/install/centroids_msg/include/centroids_msg/centroids_msg/msg/detail
[4.807s] -- Installing: /home/developer/ros2_ws/src/install/centroids_msg/include/centroids_msg/centroids_msg/msg/detail/centroids__type_support.c
[4.807s] -- Installing: /home/developer/ros2_ws/src/install/centroids_msg/include/centroids_msg/centroids_msg/msg/detail/centroids__rosidl_typesupport_introspection_c.h
[4.807s] -- Installing: /home/developer/ros2_ws/src/install/centroids_msg/include/centroids_msg/centroids_msg/msg/rosidl_typesupport_introspection_c__visibility_control.h
[4.808s] -- Installing: /home/developer/ros2_ws/src/install/centroids_msg/lib/libcentroids_msg__rosidl_typesupport_introspection_c.so
[4.808s] -- Set runtime path of "/home/developer/ros2_ws/src/install/centroids_msg/lib/libcentroids_msg__rosidl_typesupport_introspection_c.so" to ""
[4.808s] -- Installing: /home/developer/ros2_ws/src/install/centroids_msg/lib/libcentroids_msg__rosidl_typesupport_c.so
[4.809s] -- Set runtime path of "/home/developer/ros2_ws/src/install/centroids_msg/lib/libcentroids_msg__rosidl_typesupport_c.so" to ""
[4.809s] -- Up-to-date: /home/developer/ros2_ws/src/install/centroids_msg/include/centroids_msg/centroids_msg
[4.809s] -- Up-to-date: /home/developer/ros2_ws/src/install/centroids_msg/include/centroids_msg/centroids_msg/msg
[4.809s] -- Installing: /home/developer/ros2_ws/src/install/centroids_msg/include/centroids_msg/centroids_msg/msg/centroids.hpp
[4.809s] -- Up-to-date: /home/developer/ros2_ws/src/install/centroids_msg/include/centroids_msg/centroids_msg/msg/detail
[4.809s] -- Installing: /home/developer/ros2_ws/src/install/centroids_msg/include/centroids_msg/centroids_msg/msg/detail/centroids__traits.hpp
[4.809s] -- Installing: /home/developer/ros2_ws/src/install/centroids_msg/include/centroids_msg/centroids_msg/msg/detail/centroids__struct.hpp
[4.809s] -- Installing: /home/developer/ros2_ws/src/install/centroids_msg/include/centroids_msg/centroids_msg/msg/detail/centroids__builder.hpp
[4.810s] -- Up-to-date: /home/developer/ros2_ws/src/install/centroids_msg/include/centroids_msg/centroids_msg
[4.810s] -- Up-to-date: /home/developer/ros2_ws/src/install/centroids_msg/include/centroids_msg/centroids_msg/msg
[4.810s] -- Installing: /home/developer/ros2_ws/src/install/centroids_msg/include/centroids_msg/centroids_msg/msg/rosidl_typesupport_fastrtps_cpp__visibility_control.h
[4.810s] -- Up-to-date: /home/developer/ros2_ws/src/install/centroids_msg/include/centroids_msg/centroids_msg/msg/detail
[4.810s] -- Installing: /home/developer/ros2_ws/src/install/centroids_msg/include/centroids_msg/centroids_msg/msg/detail/dds_fastrtps
[4.810s] -- Installing: /home/developer/ros2_ws/src/install/centroids_msg/include/centroids_msg/centroids_msg/msg/detail/centroids__rosidl_typesupport_fastrtps_cpp.hpp
[4.810s] -- Installing: /home/developer/ros2_ws/src/install/centroids_msg/lib/libcentroids_msg__rosidl_typesupport_fastrtps_cpp.so
[4.811s] -- Set runtime path of "/home/developer/ros2_ws/src/install/centroids_msg/lib/libcentroids_msg__rosidl_typesupport_fastrtps_cpp.so" to ""
[4.811s] -- Up-to-date: /home/developer/ros2_ws/src/install/centroids_msg/include/centroids_msg/centroids_msg
[4.811s] -- Up-to-date: /home/developer/ros2_ws/src/install/centroids_msg/include/centroids_msg/centroids_msg/msg
[4.811s] -- Up-to-date: /home/developer/ros2_ws/src/install/centroids_msg/include/centroids_msg/centroids_msg/msg/detail
[4.811s] -- Installing: /home/developer/ros2_ws/src/install/centroids_msg/include/centroids_msg/centroids_msg/msg/detail/centroids__type_support.cpp
[4.811s] -- Installing: /home/developer/ros2_ws/src/install/centroids_msg/include/centroids_msg/centroids_msg/msg/detail/centroids__rosidl_typesupport_introspection_cpp.hpp
[4.811s] -- Installing: /home/developer/ros2_ws/src/install/centroids_msg/lib/libcentroids_msg__rosidl_typesupport_introspection_cpp.so
[4.812s] -- Set runtime path of "/home/developer/ros2_ws/src/install/centroids_msg/lib/libcentroids_msg__rosidl_typesupport_introspection_cpp.so" to ""
[4.812s] -- Installing: /home/developer/ros2_ws/src/install/centroids_msg/lib/libcentroids_msg__rosidl_typesupport_cpp.so
[4.812s] -- Set runtime path of "/home/developer/ros2_ws/src/install/centroids_msg/lib/libcentroids_msg__rosidl_typesupport_cpp.so" to ""
[4.812s] -- Installing: /home/developer/ros2_ws/src/install/centroids_msg/share/centroids_msg/environment/pythonpath.sh
[4.813s] -- Installing: /home/developer/ros2_ws/src/install/centroids_msg/share/centroids_msg/environment/pythonpath.dsv
[4.813s] -- Installing: /home/developer/ros2_ws/src/install/centroids_msg/local/lib/python3.10/dist-packages/centroids_msg-0.0.0-py3.10.egg-info
[4.813s] -- Installing: /home/developer/ros2_ws/src/install/centroids_msg/local/lib/python3.10/dist-packages/centroids_msg-0.0.0-py3.10.egg-info/top_level.txt
[4.813s] -- Installing: /home/developer/ros2_ws/src/install/centroids_msg/local/lib/python3.10/dist-packages/centroids_msg-0.0.0-py3.10.egg-info/SOURCES.txt
[4.813s] -- Installing: /home/developer/ros2_ws/src/install/centroids_msg/local/lib/python3.10/dist-packages/centroids_msg-0.0.0-py3.10.egg-info/dependency_links.txt
[4.814s] -- Installing: /home/developer/ros2_ws/src/install/centroids_msg/local/lib/python3.10/dist-packages/centroids_msg-0.0.0-py3.10.egg-info/PKG-INFO
[4.814s] -- Installing: /home/developer/ros2_ws/src/install/centroids_msg/local/lib/python3.10/dist-packages/centroids_msg
[4.814s] -- Installing: /home/developer/ros2_ws/src/install/centroids_msg/local/lib/python3.10/dist-packages/centroids_msg/_centroids_msg_s.ep.rosidl_typesupport_fastrtps_c.c
[4.814s] -- Installing: /home/developer/ros2_ws/src/install/centroids_msg/local/lib/python3.10/dist-packages/centroids_msg/_centroids_msg_s.ep.rosidl_typesupport_c.c
[4.814s] -- Installing: /home/developer/ros2_ws/src/install/centroids_msg/local/lib/python3.10/dist-packages/centroids_msg/centroids_msg_s__rosidl_typesupport_c.cpython-310-x86_64-linux-gnu.so
[4.814s] -- Installing: /home/developer/ros2_ws/src/install/centroids_msg/local/lib/python3.10/dist-packages/centroids_msg/_centroids_msg_s.ep.rosidl_typesupport_introspection_c.c
[4.814s] -- Installing: /home/developer/ros2_ws/src/install/centroids_msg/local/lib/python3.10/dist-packages/centroids_msg/centroids_msg_s__rosidl_typesupport_introspection_c.cpython-310-x86_64-linux-gnu.so
[4.815s] -- Installing: /home/developer/ros2_ws/src/install/centroids_msg/local/lib/python3.10/dist-packages/centroids_msg/msg
[4.815s] -- Installing: /home/developer/ros2_ws/src/install/centroids_msg/local/lib/python3.10/dist-packages/centroids_msg/msg/_centroids_s.c
[4.815s] -- Installing: /home/developer/ros2_ws/src/install/centroids_msg/local/lib/python3.10/dist-packages/centroids_msg/msg/__init__.py
[4.815s] -- Installing: /home/developer/ros2_ws/src/install/centroids_msg/local/lib/python3.10/dist-packages/centroids_msg/msg/_centroids.py
[4.815s] -- Installing: /home/developer/ros2_ws/src/install/centroids_msg/local/lib/python3.10/dist-packages/centroids_msg/__init__.py
[4.815s] -- Installing: /home/developer/ros2_ws/src/install/centroids_msg/local/lib/python3.10/dist-packages/centroids_msg/centroids_msg_s__rosidl_typesupport_fastrtps_c.cpython-310-x86_64-linux-gnu.so
[4.815s] -- Installing: /home/developer/ros2_ws/src/install/centroids_msg/local/lib/python3.10/dist-packages/centroids_msg/libcentroids_msg__rosidl_generator_py.so
[4.857s] Listing '/home/developer/ros2_ws/src/install/centroids_msg/local/lib/python3.10/dist-packages/centroids_msg'...
[4.857s] Compiling '/home/developer/ros2_ws/src/install/centroids_msg/local/lib/python3.10/dist-packages/centroids_msg/__init__.py'...
[4.857s] Listing '/home/developer/ros2_ws/src/install/centroids_msg/local/lib/python3.10/dist-packages/centroids_msg/msg'...
[4.857s] Compiling '/home/developer/ros2_ws/src/install/centroids_msg/local/lib/python3.10/dist-packages/centroids_msg/msg/__init__.py'...
[4.857s] Compiling '/home/developer/ros2_ws/src/install/centroids_msg/local/lib/python3.10/dist-packages/centroids_msg/msg/_centroids.py'...
[4.861s] -- Installing: /home/developer/ros2_ws/src/install/centroids_msg/local/lib/python3.10/dist-packages/centroids_msg/centroids_msg_s__rosidl_typesupport_fastrtps_c.cpython-310-x86_64-linux-gnu.so
[4.862s] -- Set runtime path of "/home/developer/ros2_ws/src/install/centroids_msg/local/lib/python3.10/dist-packages/centroids_msg/centroids_msg_s__rosidl_typesupport_fastrtps_c.cpython-310-x86_64-linux-gnu.so" to ""
[4.862s] -- Installing: /home/developer/ros2_ws/src/install/centroids_msg/local/lib/python3.10/dist-packages/centroids_msg/centroids_msg_s__rosidl_typesupport_introspection_c.cpython-310-x86_64-linux-gnu.so
[4.862s] -- Set runtime path of "/home/developer/ros2_ws/src/install/centroids_msg/local/lib/python3.10/dist-packages/centroids_msg/centroids_msg_s__rosidl_typesupport_introspection_c.cpython-310-x86_64-linux-gnu.so" to ""
[4.863s] -- Installing: /home/developer/ros2_ws/src/install/centroids_msg/local/lib/python3.10/dist-packages/centroids_msg/centroids_msg_s__rosidl_typesupport_c.cpython-310-x86_64-linux-gnu.so
[4.863s] -- Set runtime path of "/home/developer/ros2_ws/src/install/centroids_msg/local/lib/python3.10/dist-packages/centroids_msg/centroids_msg_s__rosidl_typesupport_c.cpython-310-x86_64-linux-gnu.so" to ""
[4.863s] -- Installing: /home/developer/ros2_ws/src/install/centroids_msg/lib/libcentroids_msg__rosidl_generator_py.so
[4.864s] -- Set runtime path of "/home/developer/ros2_ws/src/install/centroids_msg/lib/libcentroids_msg__rosidl_generator_py.so" to ""
[4.864s] -- Installing: /home/developer/ros2_ws/src/install/centroids_msg/share/centroids_msg/msg/Centroids.idl
[4.864s] -- Installing: /home/developer/ros2_ws/src/install/centroids_msg/share/centroids_msg/msg/Centroids.msg
[4.864s] -- Installing: /home/developer/ros2_ws/src/install/centroids_msg/share/ament_index/resource_index/package_run_dependencies/centroids_msg
[4.864s] -- Installing: /home/developer/ros2_ws/src/install/centroids_msg/share/ament_index/resource_index/parent_prefix_path/centroids_msg
[4.865s] -- Installing: /home/developer/ros2_ws/src/install/centroids_msg/share/centroids_msg/environment/ament_prefix_path.sh
[4.865s] -- Installing: /home/developer/ros2_ws/src/install/centroids_msg/share/centroids_msg/environment/ament_prefix_path.dsv
[4.865s] -- Installing: /home/developer/ros2_ws/src/install/centroids_msg/share/centroids_msg/environment/path.sh
[4.865s] -- Installing: /home/developer/ros2_ws/src/install/centroids_msg/share/centroids_msg/environment/path.dsv
[4.865s] -- Installing: /home/developer/ros2_ws/src/install/centroids_msg/share/centroids_msg/local_setup.bash
[4.865s] -- Installing: /home/developer/ros2_ws/src/install/centroids_msg/share/centroids_msg/local_setup.sh
[4.865s] -- Installing: /home/developer/ros2_ws/src/install/centroids_msg/share/centroids_msg/local_setup.zsh
[4.866s] -- Installing: /home/developer/ros2_ws/src/install/centroids_msg/share/centroids_msg/local_setup.dsv
[4.866s] -- Installing: /home/developer/ros2_ws/src/install/centroids_msg/share/centroids_msg/package.dsv
[4.866s] -- Installing: /home/developer/ros2_ws/src/install/centroids_msg/share/ament_index/resource_index/packages/centroids_msg
[4.866s] -- Installing: /home/developer/ros2_ws/src/install/centroids_msg/share/centroids_msg/cmake/export_centroids_msg__rosidl_generator_cExport.cmake
[4.866s] -- Installing: /home/developer/ros2_ws/src/install/centroids_msg/share/centroids_msg/cmake/export_centroids_msg__rosidl_generator_cExport-noconfig.cmake
[4.867s] -- Installing: /home/developer/ros2_ws/src/install/centroids_msg/share/centroids_msg/cmake/export_centroids_msg__rosidl_typesupport_fastrtps_cExport.cmake
[4.867s] -- Installing: /home/developer/ros2_ws/src/install/centroids_msg/share/centroids_msg/cmake/export_centroids_msg__rosidl_typesupport_fastrtps_cExport-noconfig.cmake
[4.867s] -- Installing: /home/developer/ros2_ws/src/install/centroids_msg/share/centroids_msg/cmake/centroids_msg__rosidl_typesupport_introspection_cExport.cmake
[4.867s] -- Installing: /home/developer/ros2_ws/src/install/centroids_msg/share/centroids_msg/cmake/centroids_msg__rosidl_typesupport_introspection_cExport-noconfig.cmake
[4.868s] -- Installing: /home/developer/ros2_ws/src/install/centroids_msg/share/centroids_msg/cmake/centroids_msg__rosidl_typesupport_cExport.cmake
[4.868s] -- Installing: /home/developer/ros2_ws/src/install/centroids_msg/share/centroids_msg/cmake/centroids_msg__rosidl_typesupport_cExport-noconfig.cmake
[4.868s] -- Installing: /home/developer/ros2_ws/src/install/centroids_msg/share/centroids_msg/cmake/export_centroids_msg__rosidl_generator_cppExport.cmake
[4.868s] -- Installing: /home/developer/ros2_ws/src/install/centroids_msg/share/centroids_msg/cmake/export_centroids_msg__rosidl_typesupport_fastrtps_cppExport.cmake
[4.869s] -- Installing: /home/developer/ros2_ws/src/install/centroids_msg/share/centroids_msg/cmake/export_centroids_msg__rosidl_typesupport_fastrtps_cppExport-noconfig.cmake
[4.869s] -- Installing: /home/developer/ros2_ws/src/install/centroids_msg/share/centroids_msg/cmake/centroids_msg__rosidl_typesupport_introspection_cppExport.cmake
[4.869s] -- Installing: /home/developer/ros2_ws/src/install/centroids_msg/share/centroids_msg/cmake/centroids_msg__rosidl_typesupport_introspection_cppExport-noconfig.cmake
[4.869s] -- Installing: /home/developer/ros2_ws/src/install/centroids_msg/share/centroids_msg/cmake/centroids_msg__rosidl_typesupport_cppExport.cmake
[4.869s] -- Installing: /home/developer/ros2_ws/src/install/centroids_msg/share/centroids_msg/cmake/centroids_msg__rosidl_typesupport_cppExport-noconfig.cmake
[4.870s] -- Installing: /home/developer/ros2_ws/src/install/centroids_msg/share/centroids_msg/cmake/export_centroids_msg__rosidl_generator_pyExport.cmake
[4.870s] -- Installing: /home/developer/ros2_ws/src/install/centroids_msg/share/centroids_msg/cmake/export_centroids_msg__rosidl_generator_pyExport-noconfig.cmake
[4.870s] -- Installing: /home/developer/ros2_ws/src/install/centroids_msg/share/centroids_msg/cmake/rosidl_cmake-extras.cmake
[4.870s] -- Installing: /home/developer/ros2_ws/src/install/centroids_msg/share/centroids_msg/cmake/ament_cmake_export_include_directories-extras.cmake
[4.870s] -- Installing: /home/developer/ros2_ws/src/install/centroids_msg/share/centroids_msg/cmake/ament_cmake_export_libraries-extras.cmake
[4.870s] -- Installing: /home/developer/ros2_ws/src/install/centroids_msg/share/centroids_msg/cmake/ament_cmake_export_targets-extras.cmake
[4.871s] -- Installing: /home/developer/ros2_ws/src/install/centroids_msg/share/centroids_msg/cmake/rosidl_cmake_export_typesupport_targets-extras.cmake
[4.871s] -- Installing: /home/developer/ros2_ws/src/install/centroids_msg/share/centroids_msg/cmake/ament_cmake_export_dependencies-extras.cmake
[4.871s] -- Installing: /home/developer/ros2_ws/src/install/centroids_msg/share/centroids_msg/cmake/rosidl_cmake_export_typesupport_libraries-extras.cmake
[4.871s] -- Installing: /home/developer/ros2_ws/src/install/centroids_msg/share/centroids_msg/cmake/centroids_msgConfig.cmake
[4.871s] -- Installing: /home/developer/ros2_ws/src/install/centroids_msg/share/centroids_msg/cmake/centroids_msgConfig-version.cmake
[4.871s] -- Installing: /home/developer/ros2_ws/src/install/centroids_msg/share/centroids_msg/package.xml
[4.875s] Invoked command in '/home/developer/ros2_ws/src/build/centroids_msg' returned '0': CMAKE_PREFIX_PATH=${CMAKE_PREFIX_PATH}:/home/developer/ros2_ws/src/install/simple_example:/home/developer/ros2_ws/install/simple_example:/opt/ros/humble /usr/bin/cmake --install /home/developer/ros2_ws/src/build/centroids_msg
