[0.153s] DEBUG:colcon:Command line arguments: ['/usr/bin/colcon', 'build']
[0.153s] DEBUG:colcon:Parsed command line arguments: Namespace(log_base=None, log_level=None, verb_name='build', build_base='build', install_base='install', merge_install=False, symlink_install=False, test_result_base=None, continue_on_error=False, executor='parallel', parallel_workers=8, event_handlers=None, ignore_user_meta=False, metas=['./colcon.meta'], base_paths=['.'], packages_ignore=None, packages_ignore_regex=None, paths=None, packages_up_to=None, packages_up_to_regex=None, packages_above=None, packages_above_and_dependencies=None, packages_above_depth=None, packages_select_by_dep=None, packages_skip_by_dep=None, packages_skip_up_to=None, packages_select_build_failed=False, packages_skip_build_finished=False, packages_select_test_failures=False, packages_skip_test_passed=False, packages_select=None, packages_skip=None, packages_select_regex=None, packages_skip_regex=None, packages_start=None, packages_end=None, cmake_args=None, cmake_target=None, cmake_target_skip_unavailable=False, cmake_clean_cache=False, cmake_clean_first=False, cmake_force_configure=False, ament_cmake_args=None, catkin_cmake_args=None, catkin_skip_building_tests=False, mixin_files=None, mixin=None, verb_parser=<colcon_mixin.mixin.mixin_argument.MixinArgumentDecorator object at 0x7d058d3205e0>, verb_extension=<colcon_core.verb.build.BuildVerb object at 0x7d058d4b61d0>, main=<bound method BuildVerb.main of <colcon_core.verb.build.BuildVerb object at 0x7d058d4b61d0>>, mixin_verb=('build',))
[0.322s] Level 1:colcon.colcon_core.package_discovery:discover_packages(colcon_meta) check parameters
[0.322s] Level 1:colcon.colcon_core.package_discovery:discover_packages(recursive) check parameters
[0.322s] Level 1:colcon.colcon_core.package_discovery:discover_packages(ignore) check parameters
[0.322s] Level 1:colcon.colcon_core.package_discovery:discover_packages(path) check parameters
[0.322s] Level 1:colcon.colcon_core.package_discovery:discover_packages(colcon_meta) discover
[0.322s] Level 1:colcon.colcon_core.package_discovery:discover_packages(recursive) discover
[0.322s] INFO:colcon.colcon_core.package_discovery:Crawling recursively for packages in '/home/developer/ros2_ws/src'
[0.322s] Level 1:colcon.colcon_core.package_identification:_identify(.) by extensions ['ignore', 'ignore_ament_install']
[0.322s] Level 1:colcon.colcon_core.package_identification:_identify(.) by extension 'ignore'
[0.322s] Level 1:colcon.colcon_core.package_identification:_identify(.) by extension 'ignore_ament_install'
[0.323s] Level 1:colcon.colcon_core.package_identification:_identify(.) by extensions ['colcon_pkg']
[0.323s] Level 1:colcon.colcon_core.package_identification:_identify(.) by extension 'colcon_pkg'
[0.323s] Level 1:colcon.colcon_core.package_identification:_identify(.) by extensions ['colcon_meta']
[0.323s] Level 1:colcon.colcon_core.package_identification:_identify(.) by extension 'colcon_meta'
[0.323s] Level 1:colcon.colcon_core.package_identification:_identify(.) by extensions ['ros']
[0.323s] Level 1:colcon.colcon_core.package_identification:_identify(.) by extension 'ros'
[0.344s] Level 1:colcon.colcon_core.package_identification:_identify(.) by extensions ['cmake', 'python']
[0.344s] Level 1:colcon.colcon_core.package_identification:_identify(.) by extension 'cmake'
[0.344s] Level 1:colcon.colcon_core.package_identification:_identify(.) by extension 'python'
[0.344s] Level 1:colcon.colcon_core.package_identification:_identify(.) by extensions ['python_setup_py']
[0.344s] Level 1:colcon.colcon_core.package_identification:_identify(.) by extension 'python_setup_py'
[0.344s] Level 1:colcon.colcon_core.package_identification:_identify(build) by extensions ['ignore', 'ignore_ament_install']
[0.345s] Level 1:colcon.colcon_core.package_identification:_identify(build) by extension 'ignore'
[0.345s] Level 1:colcon.colcon_core.package_identification:_identify(build) ignored
[0.345s] Level 1:colcon.colcon_core.package_identification:_identify(centroids_msg) by extensions ['ignore', 'ignore_ament_install']
[0.345s] Level 1:colcon.colcon_core.package_identification:_identify(centroids_msg) by extension 'ignore'
[0.345s] Level 1:colcon.colcon_core.package_identification:_identify(centroids_msg) by extension 'ignore_ament_install'
[0.345s] Level 1:colcon.colcon_core.package_identification:_identify(centroids_msg) by extensions ['colcon_pkg']
[0.345s] Level 1:colcon.colcon_core.package_identification:_identify(centroids_msg) by extension 'colcon_pkg'
[0.345s] Level 1:colcon.colcon_core.package_identification:_identify(centroids_msg) by extensions ['colcon_meta']
[0.345s] Level 1:colcon.colcon_core.package_identification:_identify(centroids_msg) by extension 'colcon_meta'
[0.345s] Level 1:colcon.colcon_core.package_identification:_identify(centroids_msg) by extensions ['ros']
[0.345s] Level 1:colcon.colcon_core.package_identification:_identify(centroids_msg) by extension 'ros'
[0.348s] DEBUG:colcon.colcon_core.package_identification:Package 'centroids_msg' with type 'ros.ament_cmake' and name 'centroids_msg'
[0.348s] Level 1:colcon.colcon_core.package_identification:_identify(images) by extensions ['ignore', 'ignore_ament_install']
[0.348s] Level 1:colcon.colcon_core.package_identification:_identify(images) by extension 'ignore'
[0.348s] Level 1:colcon.colcon_core.package_identification:_identify(images) by extension 'ignore_ament_install'
[0.348s] Level 1:colcon.colcon_core.package_identification:_identify(images) by extensions ['colcon_pkg']
[0.348s] Level 1:colcon.colcon_core.package_identification:_identify(images) by extension 'colcon_pkg'
[0.348s] Level 1:colcon.colcon_core.package_identification:_identify(images) by extensions ['colcon_meta']
[0.348s] Level 1:colcon.colcon_core.package_identification:_identify(images) by extension 'colcon_meta'
[0.348s] Level 1:colcon.colcon_core.package_identification:_identify(images) by extensions ['ros']
[0.348s] Level 1:colcon.colcon_core.package_identification:_identify(images) by extension 'ros'
[0.348s] Level 1:colcon.colcon_core.package_identification:_identify(images) by extensions ['cmake', 'python']
[0.349s] Level 1:colcon.colcon_core.package_identification:_identify(images) by extension 'cmake'
[0.349s] Level 1:colcon.colcon_core.package_identification:_identify(images) by extension 'python'
[0.349s] Level 1:colcon.colcon_core.package_identification:_identify(images) by extensions ['python_setup_py']
[0.349s] Level 1:colcon.colcon_core.package_identification:_identify(images) by extension 'python_setup_py'
[0.349s] Level 1:colcon.colcon_core.package_identification:_identify(install) by extensions ['ignore', 'ignore_ament_install']
[0.349s] Level 1:colcon.colcon_core.package_identification:_identify(install) by extension 'ignore'
[0.349s] Level 1:colcon.colcon_core.package_identification:_identify(install) ignored
[0.349s] Level 1:colcon.colcon_core.package_identification:_identify(log) by extensions ['ignore', 'ignore_ament_install']
[0.349s] Level 1:colcon.colcon_core.package_identification:_identify(log) by extension 'ignore'
[0.349s] Level 1:colcon.colcon_core.package_identification:_identify(log) ignored
[0.349s] Level 1:colcon.colcon_core.package_identification:_identify(simple_example) by extensions ['ignore', 'ignore_ament_install']
[0.349s] Level 1:colcon.colcon_core.package_identification:_identify(simple_example) by extension 'ignore'
[0.349s] Level 1:colcon.colcon_core.package_identification:_identify(simple_example) by extension 'ignore_ament_install'
[0.349s] Level 1:colcon.colcon_core.package_identification:_identify(simple_example) by extensions ['colcon_pkg']
[0.349s] Level 1:colcon.colcon_core.package_identification:_identify(simple_example) by extension 'colcon_pkg'
[0.350s] Level 1:colcon.colcon_core.package_identification:_identify(simple_example) by extensions ['colcon_meta']
[0.350s] Level 1:colcon.colcon_core.package_identification:_identify(simple_example) by extension 'colcon_meta'
[0.350s] Level 1:colcon.colcon_core.package_identification:_identify(simple_example) by extensions ['ros']
[0.350s] Level 1:colcon.colcon_core.package_identification:_identify(simple_example) by extension 'ros'
[0.350s] DEBUG:colcon.colcon_core.package_identification:Package 'simple_example' with type 'ros.ament_python' and name 'simple_example'
[0.350s] Level 1:colcon.colcon_core.package_discovery:discover_packages(recursive) using defaults
[0.350s] Level 1:colcon.colcon_core.package_discovery:discover_packages(ignore) discover
[0.350s] Level 1:colcon.colcon_core.package_discovery:discover_packages(ignore) using defaults
[0.350s] Level 1:colcon.colcon_core.package_discovery:discover_packages(path) discover
[0.350s] Level 1:colcon.colcon_core.package_discovery:discover_packages(path) using defaults
[0.373s] Level 5:colcon.colcon_core.verb:set package 'centroids_msg' build argument 'cmake_args' from command line to 'None'
[0.373s] Level 5:colcon.colcon_core.verb:set package 'centroids_msg' build argument 'cmake_target' from command line to 'None'
[0.373s] Level 5:colcon.colcon_core.verb:set package 'centroids_msg' build argument 'cmake_target_skip_unavailable' from command line to 'False'
[0.373s] Level 5:colcon.colcon_core.verb:set package 'centroids_msg' build argument 'cmake_clean_cache' from command line to 'False'
[0.373s] Level 5:colcon.colcon_core.verb:set package 'centroids_msg' build argument 'cmake_clean_first' from command line to 'False'
[0.373s] Level 5:colcon.colcon_core.verb:set package 'centroids_msg' build argument 'cmake_force_configure' from command line to 'False'
[0.373s] Level 5:colcon.colcon_core.verb:set package 'centroids_msg' build argument 'ament_cmake_args' from command line to 'None'
[0.373s] Level 5:colcon.colcon_core.verb:set package 'centroids_msg' build argument 'catkin_cmake_args' from command line to 'None'
[0.373s] Level 5:colcon.colcon_core.verb:set package 'centroids_msg' build argument 'catkin_skip_building_tests' from command line to 'False'
[0.373s] DEBUG:colcon.colcon_core.verb:Building package 'centroids_msg' with the following arguments: {'ament_cmake_args': None, 'build_base': '/home/developer/ros2_ws/src/build/centroids_msg', 'catkin_cmake_args': None, 'catkin_skip_building_tests': False, 'cmake_args': None, 'cmake_clean_cache': False, 'cmake_clean_first': False, 'cmake_force_configure': False, 'cmake_target': None, 'cmake_target_skip_unavailable': False, 'install_base': '/home/developer/ros2_ws/src/install/centroids_msg', 'merge_install': False, 'path': '/home/developer/ros2_ws/src/centroids_msg', 'symlink_install': False, 'test_result_base': None}
[0.373s] Level 5:colcon.colcon_core.verb:set package 'simple_example' build argument 'cmake_args' from command line to 'None'
[0.374s] Level 5:colcon.colcon_core.verb:set package 'simple_example' build argument 'cmake_target' from command line to 'None'
[0.374s] Level 5:colcon.colcon_core.verb:set package 'simple_example' build argument 'cmake_target_skip_unavailable' from command line to 'False'
[0.374s] Level 5:colcon.colcon_core.verb:set package 'simple_example' build argument 'cmake_clean_cache' from command line to 'False'
[0.374s] Level 5:colcon.colcon_core.verb:set package 'simple_example' build argument 'cmake_clean_first' from command line to 'False'
[0.374s] Level 5:colcon.colcon_core.verb:set package 'simple_example' build argument 'cmake_force_configure' from command line to 'False'
[0.374s] Level 5:colcon.colcon_core.verb:set package 'simple_example' build argument 'ament_cmake_args' from command line to 'None'
[0.374s] Level 5:colcon.colcon_core.verb:set package 'simple_example' build argument 'catkin_cmake_args' from command line to 'None'
[0.374s] Level 5:colcon.colcon_core.verb:set package 'simple_example' build argument 'catkin_skip_building_tests' from command line to 'False'
[0.374s] DEBUG:colcon.colcon_core.verb:Building package 'simple_example' with the following arguments: {'ament_cmake_args': None, 'build_base': '/home/developer/ros2_ws/src/build/simple_example', 'catkin_cmake_args': None, 'catkin_skip_building_tests': False, 'cmake_args': None, 'cmake_clean_cache': False, 'cmake_clean_first': False, 'cmake_force_configure': False, 'cmake_target': None, 'cmake_target_skip_unavailable': False, 'install_base': '/home/developer/ros2_ws/src/install/simple_example', 'merge_install': False, 'path': '/home/developer/ros2_ws/src/simple_example', 'symlink_install': False, 'test_result_base': None}
[0.374s] INFO:colcon.colcon_core.executor:Executing jobs using 'parallel' executor
[0.375s] DEBUG:colcon.colcon_parallel_executor.executor.parallel:run_until_complete
[0.375s] INFO:colcon.colcon_ros.task.ament_cmake.build:Building ROS package in '/home/developer/ros2_ws/src/centroids_msg' with build type 'ament_cmake'
[0.375s] INFO:colcon.colcon_cmake.task.cmake.build:Building CMake package in '/home/developer/ros2_ws/src/centroids_msg'
[0.378s] INFO:colcon.colcon_core.plugin_system:Skipping extension 'colcon_core.shell.bat': Not used on non-Windows systems
[0.378s] INFO:colcon.colcon_core.shell:Skip shell extension 'powershell' for command environment: Not usable outside of PowerShell
[0.378s] DEBUG:colcon.colcon_core.shell:Skip shell extension 'dsv' for command environment
[0.379s] WARNING:colcon.colcon_ros.prefix_path.ament:The path '/home/developer/ros2_ws/src/install/simple_example' in the environment variable AMENT_PREFIX_PATH doesn't exist
[0.379s] WARNING:colcon.colcon_ros.prefix_path.ament:The path '/home/developer/ros2_ws/src/install/centroids_msg' in the environment variable AMENT_PREFIX_PATH doesn't exist
[0.379s] WARNING:colcon.colcon_ros.prefix_path.catkin:The path '/home/developer/ros2_ws/src/install/centroids_msg' in the environment variable CMAKE_PREFIX_PATH doesn't exist
[0.384s] INFO:colcon.colcon_ros.task.ament_python.build:Building ROS package in '/home/developer/ros2_ws/src/simple_example' with build type 'ament_python'
[0.384s] Level 1:colcon.colcon_core.shell:create_environment_hook('simple_example', 'ament_prefix_path')
[0.385s] INFO:colcon.colcon_core.shell:Creating environment hook '/home/developer/ros2_ws/src/install/simple_example/share/simple_example/hook/ament_prefix_path.ps1'
[0.386s] INFO:colcon.colcon_core.shell:Creating environment descriptor '/home/developer/ros2_ws/src/install/simple_example/share/simple_example/hook/ament_prefix_path.dsv'
[0.386s] INFO:colcon.colcon_core.shell:Creating environment hook '/home/developer/ros2_ws/src/install/simple_example/share/simple_example/hook/ament_prefix_path.sh'
[0.387s] INFO:colcon.colcon_core.shell:Skip shell extension 'powershell' for command environment: Not usable outside of PowerShell
[0.387s] DEBUG:colcon.colcon_core.shell:Skip shell extension 'dsv' for command environment
[0.395s] DEBUG:colcon.colcon_core.event_handler.log_command:Invoking command in '/home/developer/ros2_ws/src/build/centroids_msg': CMAKE_PREFIX_PATH=${CMAKE_PREFIX_PATH}:/home/developer/ros2_ws/src/install/simple_example:/home/developer/ros2_ws/install/simple_example:/opt/ros/humble /usr/bin/cmake /home/developer/ros2_ws/src/centroids_msg -DCMAKE_INSTALL_PREFIX=/home/developer/ros2_ws/src/install/centroids_msg
[0.762s] INFO:colcon.colcon_core.task.python.build:Building Python package in '/home/developer/ros2_ws/src/simple_example'
[0.762s] INFO:colcon.colcon_core.shell:Skip shell extension 'powershell' for command environment: Not usable outside of PowerShell
[0.762s] DEBUG:colcon.colcon_core.shell:Skip shell extension 'dsv' for command environment
[1.289s] DEBUG:colcon.colcon_core.event_handler.log_command:Invoking command in '/home/developer/ros2_ws/src/simple_example': PYTHONPATH=/home/developer/ros2_ws/src/build/simple_example/prefix_override:/usr/lib/python3/dist-packages/colcon_core/task/python/colcon_distutils_commands:/home/developer/ros2_ws/src/install/simple_example/lib/python3.10/site-packages:${PYTHONPATH} /usr/bin/python3 -W ignore:setup.py install is deprecated setup.py egg_info --egg-base ../build/simple_example build --build-base /home/developer/ros2_ws/src/build/simple_example/build install --record /home/developer/ros2_ws/src/build/simple_example/install.log --single-version-externally-managed install_data
[1.776s] DEBUG:colcon.colcon_core.event_handler.log_command:Invoked command in '/home/developer/ros2_ws/src/simple_example' returned '0': PYTHONPATH=/home/developer/ros2_ws/src/build/simple_example/prefix_override:/usr/lib/python3/dist-packages/colcon_core/task/python/colcon_distutils_commands:/home/developer/ros2_ws/src/install/simple_example/lib/python3.10/site-packages:${PYTHONPATH} /usr/bin/python3 -W ignore:setup.py install is deprecated setup.py egg_info --egg-base ../build/simple_example build --build-base /home/developer/ros2_ws/src/build/simple_example/build install --record /home/developer/ros2_ws/src/build/simple_example/install.log --single-version-externally-managed install_data
[1.782s] Level 1:colcon.colcon_core.environment:checking '/home/developer/ros2_ws/src/install/simple_example' for CMake module files
[1.783s] Level 1:colcon.colcon_core.environment:checking '/home/developer/ros2_ws/src/install/simple_example' for CMake config files
[1.785s] Level 1:colcon.colcon_core.environment:checking '/home/developer/ros2_ws/src/install/simple_example/lib'
[1.785s] Level 1:colcon.colcon_core.environment:checking '/home/developer/ros2_ws/src/install/simple_example/bin'
[1.785s] Level 1:colcon.colcon_core.environment:checking '/home/developer/ros2_ws/src/install/simple_example/lib/pkgconfig/simple_example.pc'
[1.786s] Level 1:colcon.colcon_core.environment:checking '/home/developer/ros2_ws/src/install/simple_example/lib/python3.10/site-packages'
[1.786s] Level 1:colcon.colcon_core.shell:create_environment_hook('simple_example', 'pythonpath')
[1.786s] INFO:colcon.colcon_core.shell:Creating environment hook '/home/developer/ros2_ws/src/install/simple_example/share/simple_example/hook/pythonpath.ps1'
[1.787s] INFO:colcon.colcon_core.shell:Creating environment descriptor '/home/developer/ros2_ws/src/install/simple_example/share/simple_example/hook/pythonpath.dsv'
[1.788s] INFO:colcon.colcon_core.shell:Creating environment hook '/home/developer/ros2_ws/src/install/simple_example/share/simple_example/hook/pythonpath.sh'
[1.789s] Level 1:colcon.colcon_core.environment:checking '/home/developer/ros2_ws/src/install/simple_example/bin'
[1.790s] Level 1:colcon.colcon_core.environment:create_environment_scripts_only(simple_example)
[1.790s] INFO:colcon.colcon_core.shell:Creating package script '/home/developer/ros2_ws/src/install/simple_example/share/simple_example/package.ps1'
[1.792s] INFO:colcon.colcon_core.shell:Creating package descriptor '/home/developer/ros2_ws/src/install/simple_example/share/simple_example/package.dsv'
[1.793s] INFO:colcon.colcon_core.shell:Creating package script '/home/developer/ros2_ws/src/install/simple_example/share/simple_example/package.sh'
[1.795s] INFO:colcon.colcon_core.shell:Creating package script '/home/developer/ros2_ws/src/install/simple_example/share/simple_example/package.bash'
[1.797s] INFO:colcon.colcon_core.shell:Creating package script '/home/developer/ros2_ws/src/install/simple_example/share/simple_example/package.zsh'
[1.798s] Level 1:colcon.colcon_core.environment:create_file_with_runtime_dependencies(/home/developer/ros2_ws/src/install/simple_example/share/colcon-core/packages/simple_example)
[2.670s] DEBUG:colcon.colcon_core.event_handler.log_command:Invoked command in '/home/developer/ros2_ws/src/build/centroids_msg' returned '0': CMAKE_PREFIX_PATH=${CMAKE_PREFIX_PATH}:/home/developer/ros2_ws/src/install/simple_example:/home/developer/ros2_ws/install/simple_example:/opt/ros/humble /usr/bin/cmake /home/developer/ros2_ws/src/centroids_msg -DCMAKE_INSTALL_PREFIX=/home/developer/ros2_ws/src/install/centroids_msg
[2.672s] DEBUG:colcon.colcon_core.event_handler.log_command:Invoking command in '/home/developer/ros2_ws/src/build/centroids_msg': CMAKE_PREFIX_PATH=${CMAKE_PREFIX_PATH}:/home/developer/ros2_ws/src/install/simple_example:/home/developer/ros2_ws/install/simple_example:/opt/ros/humble /usr/bin/cmake --build /home/developer/ros2_ws/src/build/centroids_msg -- -j8 -l8
[5.086s] DEBUG:colcon.colcon_core.event_handler.log_command:Invoked command in '/home/developer/ros2_ws/src/build/centroids_msg' returned '0': CMAKE_PREFIX_PATH=${CMAKE_PREFIX_PATH}:/home/developer/ros2_ws/src/install/simple_example:/home/developer/ros2_ws/install/simple_example:/opt/ros/humble /usr/bin/cmake --build /home/developer/ros2_ws/src/build/centroids_msg -- -j8 -l8
[5.170s] DEBUG:colcon.colcon_core.event_handler.log_command:Invoking command in '/home/developer/ros2_ws/src/build/centroids_msg': CMAKE_PREFIX_PATH=${CMAKE_PREFIX_PATH}:/home/developer/ros2_ws/src/install/simple_example:/home/developer/ros2_ws/install/simple_example:/opt/ros/humble /usr/bin/cmake --install /home/developer/ros2_ws/src/build/centroids_msg
[5.249s] Level 1:colcon.colcon_core.environment:create_environment_scripts_only(centroids_msg)
[5.250s] Level 1:colcon.colcon_core.environment:checking '/home/developer/ros2_ws/src/install/centroids_msg' for CMake module files
[5.250s] DEBUG:colcon.colcon_core.event_handler.log_command:Invoked command in '/home/developer/ros2_ws/src/build/centroids_msg' returned '0': CMAKE_PREFIX_PATH=${CMAKE_PREFIX_PATH}:/home/developer/ros2_ws/src/install/simple_example:/home/developer/ros2_ws/install/simple_example:/opt/ros/humble /usr/bin/cmake --install /home/developer/ros2_ws/src/build/centroids_msg
[5.251s] Level 1:colcon.colcon_core.environment:checking '/home/developer/ros2_ws/src/install/centroids_msg' for CMake config files
[5.251s] Level 1:colcon.colcon_core.shell:create_environment_hook('centroids_msg', 'cmake_prefix_path')
[5.251s] INFO:colcon.colcon_core.shell:Creating environment hook '/home/developer/ros2_ws/src/install/centroids_msg/share/centroids_msg/hook/cmake_prefix_path.ps1'
[5.252s] INFO:colcon.colcon_core.shell:Creating environment descriptor '/home/developer/ros2_ws/src/install/centroids_msg/share/centroids_msg/hook/cmake_prefix_path.dsv'
[5.252s] INFO:colcon.colcon_core.shell:Creating environment hook '/home/developer/ros2_ws/src/install/centroids_msg/share/centroids_msg/hook/cmake_prefix_path.sh'
[5.253s] Level 1:colcon.colcon_core.environment:checking '/home/developer/ros2_ws/src/install/centroids_msg/lib'
[5.253s] Level 1:colcon.colcon_core.shell:create_environment_hook('centroids_msg', 'ld_library_path_lib')
[5.253s] INFO:colcon.colcon_core.shell:Creating environment hook '/home/developer/ros2_ws/src/install/centroids_msg/share/centroids_msg/hook/ld_library_path_lib.ps1'
[5.253s] INFO:colcon.colcon_core.shell:Creating environment descriptor '/home/developer/ros2_ws/src/install/centroids_msg/share/centroids_msg/hook/ld_library_path_lib.dsv'
[5.254s] INFO:colcon.colcon_core.shell:Creating environment hook '/home/developer/ros2_ws/src/install/centroids_msg/share/centroids_msg/hook/ld_library_path_lib.sh'
[5.254s] Level 1:colcon.colcon_core.environment:checking '/home/developer/ros2_ws/src/install/centroids_msg/bin'
[5.254s] Level 1:colcon.colcon_core.environment:checking '/home/developer/ros2_ws/src/install/centroids_msg/lib/pkgconfig/centroids_msg.pc'
[5.255s] Level 1:colcon.colcon_core.environment:checking '/home/developer/ros2_ws/src/install/centroids_msg/lib/python3.10/site-packages'
[5.255s] Level 1:colcon.colcon_core.environment:checking '/home/developer/ros2_ws/src/install/centroids_msg/bin'
[5.255s] INFO:colcon.colcon_core.shell:Creating package script '/home/developer/ros2_ws/src/install/centroids_msg/share/centroids_msg/package.ps1'
[5.256s] INFO:colcon.colcon_core.shell:Creating package descriptor '/home/developer/ros2_ws/src/install/centroids_msg/share/centroids_msg/package.dsv'
[5.256s] INFO:colcon.colcon_core.shell:Creating package script '/home/developer/ros2_ws/src/install/centroids_msg/share/centroids_msg/package.sh'
[5.256s] INFO:colcon.colcon_core.shell:Creating package script '/home/developer/ros2_ws/src/install/centroids_msg/share/centroids_msg/package.bash'
[5.257s] INFO:colcon.colcon_core.shell:Creating package script '/home/developer/ros2_ws/src/install/centroids_msg/share/centroids_msg/package.zsh'
[5.257s] Level 1:colcon.colcon_core.environment:create_file_with_runtime_dependencies(/home/developer/ros2_ws/src/install/centroids_msg/share/colcon-core/packages/centroids_msg)
[5.331s] Level 1:colcon.colcon_core.environment:create_environment_scripts_only(centroids_msg)
[5.331s] Level 1:colcon.colcon_core.environment:checking '/home/developer/ros2_ws/src/install/centroids_msg' for CMake module files
[5.332s] Level 1:colcon.colcon_core.environment:checking '/home/developer/ros2_ws/src/install/centroids_msg' for CMake config files
[5.333s] Level 1:colcon.colcon_core.shell:create_environment_hook('centroids_msg', 'cmake_prefix_path')
[5.333s] INFO:colcon.colcon_core.shell:Creating environment hook '/home/developer/ros2_ws/src/install/centroids_msg/share/centroids_msg/hook/cmake_prefix_path.ps1'
[5.333s] INFO:colcon.colcon_core.shell:Creating environment descriptor '/home/developer/ros2_ws/src/install/centroids_msg/share/centroids_msg/hook/cmake_prefix_path.dsv'
[5.334s] INFO:colcon.colcon_core.shell:Creating environment hook '/home/developer/ros2_ws/src/install/centroids_msg/share/centroids_msg/hook/cmake_prefix_path.sh'
[5.334s] Level 1:colcon.colcon_core.environment:checking '/home/developer/ros2_ws/src/install/centroids_msg/lib'
[5.334s] Level 1:colcon.colcon_core.shell:create_environment_hook('centroids_msg', 'ld_library_path_lib')
[5.334s] INFO:colcon.colcon_core.shell:Creating environment hook '/home/developer/ros2_ws/src/install/centroids_msg/share/centroids_msg/hook/ld_library_path_lib.ps1'
[5.335s] INFO:colcon.colcon_core.shell:Creating environment descriptor '/home/developer/ros2_ws/src/install/centroids_msg/share/centroids_msg/hook/ld_library_path_lib.dsv'
[5.335s] INFO:colcon.colcon_core.shell:Creating environment hook '/home/developer/ros2_ws/src/install/centroids_msg/share/centroids_msg/hook/ld_library_path_lib.sh'
[5.336s] Level 1:colcon.colcon_core.environment:checking '/home/developer/ros2_ws/src/install/centroids_msg/bin'
[5.336s] Level 1:colcon.colcon_core.environment:checking '/home/developer/ros2_ws/src/install/centroids_msg/lib/pkgconfig/centroids_msg.pc'
[5.336s] Level 1:colcon.colcon_core.environment:checking '/home/developer/ros2_ws/src/install/centroids_msg/lib/python3.10/site-packages'
[5.336s] Level 1:colcon.colcon_core.environment:checking '/home/developer/ros2_ws/src/install/centroids_msg/bin'
[5.336s] INFO:colcon.colcon_core.shell:Creating package script '/home/developer/ros2_ws/src/install/centroids_msg/share/centroids_msg/package.ps1'
[5.337s] INFO:colcon.colcon_core.shell:Creating package descriptor '/home/developer/ros2_ws/src/install/centroids_msg/share/centroids_msg/package.dsv'
[5.337s] INFO:colcon.colcon_core.shell:Creating package script '/home/developer/ros2_ws/src/install/centroids_msg/share/centroids_msg/package.sh'
[5.338s] INFO:colcon.colcon_core.shell:Creating package script '/home/developer/ros2_ws/src/install/centroids_msg/share/centroids_msg/package.bash'
[5.338s] INFO:colcon.colcon_core.shell:Creating package script '/home/developer/ros2_ws/src/install/centroids_msg/share/centroids_msg/package.zsh'
[5.339s] Level 1:colcon.colcon_core.environment:create_file_with_runtime_dependencies(/home/developer/ros2_ws/src/install/centroids_msg/share/colcon-core/packages/centroids_msg)
[5.339s] DEBUG:colcon.colcon_parallel_executor.executor.parallel:closing loop
[5.339s] DEBUG:colcon.colcon_parallel_executor.executor.parallel:loop closed
[5.339s] DEBUG:colcon.colcon_parallel_executor.executor.parallel:run_until_complete finished with '0'
[5.339s] DEBUG:colcon.colcon_core.event_reactor:joining thread
[5.345s] INFO:colcon.colcon_core.plugin_system:Skipping extension 'colcon_notification.desktop_notification.notify_send': Could not find 'notify-send'
[5.345s] INFO:colcon.colcon_core.plugin_system:Skipping extension 'colcon_notification.desktop_notification.terminal_notifier': Not used on non-Darwin systems
[5.345s] INFO:colcon.colcon_core.plugin_system:Skipping extension 'colcon_notification.desktop_notification.win32': Not used on non-Windows systems
[5.345s] INFO:colcon.colcon_notification.desktop_notification:Sending desktop notification using 'notify2'
[5.348s] DEBUG:colcon.colcon_notification.desktop_notification.notify2:Failed to initialize notify2: org.freedesktop.DBus.Error.Spawn.ExecFailed: /usr/bin/dbus-launch terminated abnormally without any error message
[5.348s] DEBUG:colcon.colcon_core.event_reactor:joined thread
[5.349s] INFO:colcon.colcon_core.shell:Creating prefix script '/home/developer/ros2_ws/src/install/local_setup.ps1'
[5.351s] INFO:colcon.colcon_core.shell:Creating prefix util module '/home/developer/ros2_ws/src/install/_local_setup_util_ps1.py'
[5.354s] INFO:colcon.colcon_core.shell:Creating prefix chain script '/home/developer/ros2_ws/src/install/setup.ps1'
[5.356s] INFO:colcon.colcon_core.shell:Creating prefix script '/home/developer/ros2_ws/src/install/local_setup.sh'
[5.357s] INFO:colcon.colcon_core.shell:Creating prefix util module '/home/developer/ros2_ws/src/install/_local_setup_util_sh.py'
[5.358s] INFO:colcon.colcon_core.shell:Creating prefix chain script '/home/developer/ros2_ws/src/install/setup.sh'
[5.360s] INFO:colcon.colcon_core.shell:Creating prefix script '/home/developer/ros2_ws/src/install/local_setup.bash'
[5.361s] INFO:colcon.colcon_core.shell:Creating prefix chain script '/home/developer/ros2_ws/src/install/setup.bash'
[5.363s] INFO:colcon.colcon_core.shell:Creating prefix script '/home/developer/ros2_ws/src/install/local_setup.zsh'
[5.364s] INFO:colcon.colcon_core.shell:Creating prefix chain script '/home/developer/ros2_ws/src/install/setup.zsh'
